<?xml version="1.0" encoding="UTF-8"?>
<testsuite xmlns:xsi="http://www.w3.org/2001/XMLSchema-instance" xsi:noNamespaceSchemaLocation="https://maven.apache.org/surefire/maven-surefire-plugin/xsd/surefire-test-report.xsd" version="3.0.2" name="com.innowise.userservice.service.UserServiceTest" time="0.042" tests="14" errors="0" skipped="0" failures="0" flakes="0">
  <properties>
[...]
</properties>
  <testcase name="delete_shouldRemoveUser_whenExists" classname="com.innowise.userservice.service.UserServiceTest" time="0.025"/>
  <testcase name="update_shouldThrow_whenUserNotFound" classname="com.innowise.userservice.service.UserServiceTest" time="0.002"/>
  <testcase name="getById_shouldReturnUser" classname="com.innowise.userservice.service.UserServiceTest" time="0.001"/>
  <testcase name="update_shouldThrow_whenReloadUserNotFound" classname="com.innowise.userservice.service.UserServiceTest" time="0.002"/>
  <testcase name="getUserWithCards_shouldThrow_whenNotFound" classname="com.innowise.userservice.service.UserServiceTest" time="0.001"/>
  <testcase name="create_shouldCreateUser" classname="com.innowise.userservice.service.UserServiceTest" time="0.002"/>
  <testcase name="getAll_shouldReturnPage" classname="com.innowise.userservice.service.UserServiceTest" time="0.002"/>
  <testcase name="shouldReturnUserWithCards" classname="com.innowise.userservice.service.UserServiceTest" time="0.001"/>
  <testcase name="update_shouldActivateUser" classname="com.innowise.userservice.service.UserServiceTest" time="0.0"/>
  <testcase name="create_shouldSetActiveTrue" classname="com.innowise.userservice.service.UserServiceTest" time="0.0"/>
  <testcase name="delete_shouldThrow_whenUserNotFound" classname="com.innowise.userservice.service.UserServiceTest" time="0.0"/>
  <testcase name="update_shouldUpdateUserAndReturnDto" classname="com.innowise.userservice.service.UserServiceTest" time="0.0"/>
  <testcase name="getById_shouldThrowException" classname="com.innowise.userservice.service.UserServiceTest" time="0.0"/>
  <testcase name="update_shouldDeactivateUser" classname="com.innowise.userservice.service.UserServiceTest" time="0.001"/>
</testsuite>