<?xml version="1.0" encoding="UTF-8"?>
<testsuite xmlns:xsi="http://www.w3.org/2001/XMLSchema-instance" xsi:noNamespaceSchemaLocation="https://maven.apache.org/surefire/maven-surefire-plugin/xsd/surefire-test-report.xsd" version="3.0.2" name="com.innowise.userservice.integration.UserIntegrationTest" time="4.689" tests="2" errors="0" skipped="0" failures="0" flakes="0">
  <properties>
[...]
</properties>
  <testcase name="createUser_shouldReturn201" classname="com.innowise.userservice.integration.UserIntegrationTest" time="0.366">
    <system-out><![CDATA[12:59:15.973 [main] INFO org.springframework.test.context.support.AnnotationConfigContextLoaderUtils -- Could not detect default configuration classes for test class [com.innowise.userservice.integration.UserIntegrationTest]: UserIntegrationTest does not declare any static, non-private, non-final, nested classes annotated with @Configuration.
12:59:15.999 [main] INFO org.testcontainers.images.PullPolicy -- Image pull policy will be performed by: DefaultPullPolicy()
12:59:16.000 [main] INFO org.testcontainers.utility.ImageNameSubstitutor -- Image name substitution will be performed by: DefaultImageNameSubstitutor (composite of 'ConfigurationFileImageNameSubstitutor' and 'PrefixingImageNameSubstitutor')
12:59:16.012 [main] INFO org.testcontainers.DockerClientFactory -- Testcontainers version: 1.21.4
12:59:16.086 [main] INFO org.testcontainers.dockerclient.DockerClientProviderStrategy -- Loaded org.testcontainers.dockerclient.UnixSocketClientProviderStrategy from ~/.testcontainers.properties, will try it first
12:59:16.176 [main] INFO org.testcontainers.dockerclient.DockerClientProviderStrategy -- Found Docker environment with local Unix socket (unix:///var/run/docker.sock)
12:59:16.177 [main] INFO org.testcontainers.DockerClientFactory -- Docker host IP address is localhost
12:59:16.190 [main] INFO org.testcontainers.DockerClientFactory -- Connected to docker: 
  Server Version: 29.2.1
  API Version: 1.53
  Operating System: Docker Desktop
  Total Memory: 7835 MB
  Labels: 
    com.docker.desktop.address=unix:///Users/Marina/Library/Containers/com.docker.docker/Data/docker-cli.sock
12:59:16.278 [main] INFO tc.testcontainers/ryuk:0.12.0 -- Creating container for image: testcontainers/ryuk:0.12.0
12:59:16.412 [main] INFO tc.testcontainers/ryuk:0.12.0 -- Container testcontainers/ryuk:0.12.0 is starting: 166d003b1a09ffe8faf53fa8fc54a92f6bfbb16121ce8d5f0454f76033b29bef
12:59:16.549 [main] INFO tc.testcontainers/ryuk:0.12.0 -- Container testcontainers/ryuk:0.12.0 started in PT0.270618S
12:59:16.552 [main] INFO org.testcontainers.utility.RyukResourceReaper -- Ryuk started - will monitor and terminate Testcontainers containers on JVM exit
12:59:16.552 [main] INFO org.testcontainers.DockerClientFactory -- Checking the system...
12:59:16.552 [main] INFO org.testcontainers.DockerClientFactory -- ✔︎ Docker server version should be at least 1.6.0
12:59:16.590 [main] INFO org.springframework.boot.test.context.SpringBootTestContextBootstrapper -- Found @SpringBootConfiguration com.innowise.userservice.UserserviceApplication for test class com.innowise.userservice.integration.UserIntegrationTest

  .   ____          _            __ _ _
 /\\ / ___'_ __ _ _(_)_ __  __ _ \ \ \ \
( ( )\___ | '_ | '_| | '_ \/ _` | \ \ \ \
 \\/  ___)| |_)| | | | | || (_| |  ) ) ) )
  '  |____| .__|_| |_|_| |_\__, | / / / /
 =========|_|==============|___/=/_/_/_/

 :: Spring Boot ::               (v3.5.14)

2026-05-27T12:59:16.738+03:00  INFO 20434 --- [           main] c.i.u.integration.UserIntegrationTest    : Starting UserIntegrationTest using Java 21.0.10 with PID 20434 (started by Marina in /Users/Marina/Downloads/userservice)
2026-05-27T12:59:16.738+03:00  INFO 20434 --- [           main] c.i.u.integration.UserIntegrationTest    : The following 1 profile is active: "test"
2026-05-27T12:59:17.016+03:00  INFO 20434 --- [           main] .s.d.r.c.RepositoryConfigurationDelegate : Multiple Spring Data modules found, entering strict repository configuration mode
2026-05-27T12:59:17.017+03:00  INFO 20434 --- [           main] .s.d.r.c.RepositoryConfigurationDelegate : Bootstrapping Spring Data JPA repositories in DEFAULT mode.
2026-05-27T12:59:17.075+03:00  INFO 20434 --- [           main] .s.d.r.c.RepositoryConfigurationDelegate : Finished Spring Data repository scanning in 53 ms. Found 2 JPA repository interfaces.
2026-05-27T12:59:17.084+03:00  INFO 20434 --- [           main] .s.d.r.c.RepositoryConfigurationDelegate : Multiple Spring Data modules found, entering strict repository configuration mode
2026-05-27T12:59:17.084+03:00  INFO 20434 --- [           main] .s.d.r.c.RepositoryConfigurationDelegate : Bootstrapping Spring Data Redis repositories in DEFAULT mode.
2026-05-27T12:59:17.092+03:00  INFO 20434 --- [           main] .RepositoryConfigurationExtensionSupport : Spring Data Redis - Could not safely identify store assignment for repository candidate interface com.innowise.userservice.repository.CardRepository; If you want this repository to be a Redis repository, consider annotating your entities with one of these annotations: org.springframework.data.redis.core.RedisHash (preferred), or consider extending one of the following types with your repository: org.springframework.data.keyvalue.repository.KeyValueRepository
2026-05-27T12:59:17.092+03:00  INFO 20434 --- [           main] .RepositoryConfigurationExtensionSupport : Spring Data Redis - Could not safely identify store assignment for repository candidate interface com.innowise.userservice.repository.UserRepository; If you want this repository to be a Redis repository, consider annotating your entities with one of these annotations: org.springframework.data.redis.core.RedisHash (preferred), or consider extending one of the following types with your repository: org.springframework.data.keyvalue.repository.KeyValueRepository
2026-05-27T12:59:17.092+03:00  INFO 20434 --- [           main] .s.d.r.c.RepositoryConfigurationDelegate : Finished Spring Data repository scanning in 3 ms. Found 0 Redis repository interfaces.
2026-05-27T12:59:17.247+03:00  INFO 20434 --- [           main] tc.postgres:16-alpine                    : Creating container for image: postgres:16-alpine
2026-05-27T12:59:17.275+03:00  INFO 20434 --- [           main] tc.postgres:16-alpine                    : Container postgres:16-alpine is starting: b5e5d500896b65db94978274e98b652f2bbef531b56aff71c754697c1db5ebb6
2026-05-27T12:59:17.934+03:00  INFO 20434 --- [           main] tc.postgres:16-alpine                    : Container postgres:16-alpine started in PT0.686178S
2026-05-27T12:59:17.935+03:00  INFO 20434 --- [           main] tc.postgres:16-alpine                    : Container is started (JDBC URL: jdbc:postgresql://localhost:58431/test?loggerLevel=OFF)
2026-05-27T12:59:18.107+03:00  INFO 20434 --- [           main] liquibase.database                       : Set default schema name to public
2026-05-27T12:59:18.155+03:00  INFO 20434 --- [           main] liquibase.snapshot                       : Creating snapshot
2026-05-27T12:59:18.183+03:00  INFO 20434 --- [           main] liquibase.lockservice                    : Successfully acquired change log lock
2026-05-27T12:59:18.188+03:00  INFO 20434 --- [           main] liquibase.changelog                      : Creating database history table with name: public.databasechangelog
2026-05-27T12:59:18.193+03:00  INFO 20434 --- [           main] liquibase.command                        : Clearing database change log checksums for database postgresql
2026-05-27T12:59:18.197+03:00  INFO 20434 --- [           main] liquibase.lockservice                    : Successfully released change log lock
2026-05-27T12:59:18.198+03:00  INFO 20434 --- [           main] liquibase.command                        : Command execution complete
2026-05-27T12:59:18.713+03:00  INFO 20434 --- [           main] liquibase.changelog                      : Reading from public.databasechangelog
2026-05-27T12:59:18.748+03:00  INFO 20434 --- [           main] liquibase.lockservice                    : Successfully acquired change log lock
2026-05-27T12:59:18.749+03:00  INFO 20434 --- [           main] liquibase.command                        : Using deploymentId: 9875957993
2026-05-27T12:59:18.750+03:00  INFO 20434 --- [           main] liquibase.changelog                      : Reading from public.databasechangelog
2026-05-27T12:59:18.758+03:00  INFO 20434 --- [           main] liquibase.ui                             : Running Changeset: db/changelog/V1_create_users_table.yaml::create-users-table::Marina
2026-05-27T12:59:18.760+03:00  INFO 20434 --- [           main] liquibase.snapshot                       : Creating snapshot
2026-05-27T12:59:18.770+03:00  INFO 20434 --- [           main] liquibase.changelog                      : Table users created
2026-05-27T12:59:18.772+03:00  INFO 20434 --- [           main] liquibase.changelog                      : Index idx_users_active created
2026-05-27T12:59:18.773+03:00  INFO 20434 --- [           main] liquibase.changelog                      : Index idx_users_surname created
2026-05-27T12:59:18.773+03:00  INFO 20434 --- [           main] liquibase.changelog                      : ChangeSet db/changelog/V1_create_users_table.yaml::create-users-table::Marina ran successfully in 15ms
2026-05-27T12:59:18.776+03:00  INFO 20434 --- [           main] liquibase.ui                             : Running Changeset: db/changelog/V2_create_payment_cards_table.yaml::create-payment-cards-table::Marina
2026-05-27T12:59:18.778+03:00  INFO 20434 --- [           main] liquibase.snapshot                       : Creating snapshot
2026-05-27T12:59:18.784+03:00  INFO 20434 --- [           main] liquibase.changelog                      : Table payment_cards created
2026-05-27T12:59:18.787+03:00  INFO 20434 --- [           main] liquibase.changelog                      : Foreign key constraint added to payment_cards (user_id)
2026-05-27T12:59:18.788+03:00  INFO 20434 --- [           main] liquibase.changelog                      : Index idx_cards_user_id created
2026-05-27T12:59:18.789+03:00  INFO 20434 --- [           main] liquibase.changelog                      : Index idx_cards_active created
2026-05-27T12:59:18.789+03:00  INFO 20434 --- [           main] liquibase.changelog                      : ChangeSet db/changelog/V2_create_payment_cards_table.yaml::create-payment-cards-table::Marina ran successfully in 13ms
2026-05-27T12:59:18.792+03:00  INFO 20434 --- [           main] liquibase.util                           : UPDATE SUMMARY
2026-05-27T12:59:18.792+03:00  INFO 20434 --- [           main] liquibase.util                           : Run:                          2
2026-05-27T12:59:18.792+03:00  INFO 20434 --- [           main] liquibase.util                           : Previously run:               0
2026-05-27T12:59:18.792+03:00  INFO 20434 --- [           main] liquibase.util                           : Filtered out:                 0
2026-05-27T12:59:18.792+03:00  INFO 20434 --- [           main] liquibase.util                           : -------------------------------
2026-05-27T12:59:18.792+03:00  INFO 20434 --- [           main] liquibase.util                           : Total change sets:            2
2026-05-27T12:59:18.792+03:00  INFO 20434 --- [           main] liquibase.util                           : Update summary generated
2026-05-27T12:59:18.793+03:00  INFO 20434 --- [           main] liquibase.command                        : Update command completed successfully.
2026-05-27T12:59:18.793+03:00  INFO 20434 --- [           main] liquibase.ui                             : Liquibase: Update has been successful. Rows affected: 2
2026-05-27T12:59:18.795+03:00  INFO 20434 --- [           main] liquibase.lockservice                    : Successfully released change log lock
2026-05-27T12:59:18.795+03:00  INFO 20434 --- [           main] liquibase.command                        : Command execution complete
2026-05-27T12:59:18.821+03:00  INFO 20434 --- [           main] o.hibernate.jpa.internal.util.LogHelper  : HHH000204: Processing PersistenceUnitInfo [name: default]
2026-05-27T12:59:18.834+03:00  INFO 20434 --- [           main] org.hibernate.Version                    : HHH000412: Hibernate ORM core version 6.6.49.Final
2026-05-27T12:59:18.844+03:00  INFO 20434 --- [           main] o.h.c.internal.RegionFactoryInitiator    : HHH000026: Second-level cache disabled
2026-05-27T12:59:18.926+03:00  INFO 20434 --- [           main] o.s.o.j.p.SpringPersistenceUnitInfo      : No LoadTimeWeaver setup: ignoring JPA class transformer
2026-05-27T12:59:18.934+03:00  INFO 20434 --- [           main] com.zaxxer.hikari.HikariDataSource       : HikariPool-1 - Starting...
2026-05-27T12:59:18.947+03:00  INFO 20434 --- [           main] com.zaxxer.hikari.pool.HikariPool        : HikariPool-1 - Added connection org.postgresql.jdbc.PgConnection@1e9afe4e
2026-05-27T12:59:18.947+03:00  INFO 20434 --- [           main] com.zaxxer.hikari.HikariDataSource       : HikariPool-1 - Start completed.
2026-05-27T12:59:18.968+03:00  INFO 20434 --- [           main] org.hibernate.orm.connections.pooling    : HHH10001005: Database info:
	Database JDBC URL [Connecting through datasource 'HikariDataSource (HikariPool-1)']
	Database driver: undefined/unknown
	Database version: 16.14
	Autocommit mode: undefined/unknown
	Isolation level: undefined/unknown
	Minimum pool size: undefined/unknown
	Maximum pool size: undefined/unknown
2026-05-27T12:59:19.267+03:00  INFO 20434 --- [           main] o.h.e.t.j.p.i.JtaPlatformInitiator       : HHH000489: No JTA platform available (set 'hibernate.transaction.jta.platform' to enable JTA platform integration)
2026-05-27T12:59:19.291+03:00  INFO 20434 --- [           main] j.LocalContainerEntityManagerFactoryBean : Initialized JPA EntityManagerFactory for persistence unit 'default'
2026-05-27T12:59:19.372+03:00  INFO 20434 --- [           main] o.s.d.j.r.query.QueryEnhancerFactory     : Hibernate is in classpath; If applicable, HQL parser will be used.
2026-05-27T12:59:20.205+03:00  INFO 20434 --- [           main] o.s.b.t.m.w.SpringBootMockServletContext : Initializing Spring TestDispatcherServlet ''
2026-05-27T12:59:20.206+03:00  INFO 20434 --- [           main] o.s.t.web.servlet.TestDispatcherServlet  : Initializing Servlet ''
2026-05-27T12:59:20.206+03:00  INFO 20434 --- [           main] o.s.t.web.servlet.TestDispatcherServlet  : Completed initialization in 0 ms
2026-05-27T12:59:20.217+03:00  INFO 20434 --- [           main] c.i.u.integration.UserIntegrationTest    : Started UserIntegrationTest in 3.586 seconds (process running for 4.521)
]]></system-out>
    <system-err><![CDATA[Mockito is currently self-attaching to enable the inline-mock-maker. This will no longer work in future releases of the JDK. Please add Mockito as an agent to your build as described in Mockito's documentation: https://javadoc.io/doc/org.mockito/mockito-core/latest/org.mockito/org/mockito/Mockito.html#0.3
WARNING: A Java agent has been loaded dynamically (/Users/Marina/.m2/repository/net/bytebuddy/byte-buddy-agent/1.17.8/byte-buddy-agent-1.17.8.jar)
WARNING: If a serviceability tool is in use, please run with -XX:+EnableDynamicAgentLoading to hide this warning
WARNING: If a serviceability tool is not in use, please run with -Djdk.instrument.traceUsage for more information
WARNING: Dynamic loading of agents will be disallowed by default in a future release
]]></system-err>
  </testcase>
  <testcase name="getUserById_shouldReturn200" classname="com.innowise.userservice.integration.UserIntegrationTest" time="0.013"/>
</testsuite>